<?xml version="1.0" encoding="UTF-8"?>
<testsuite xmlns:xsi="http://www.w3.org/2001/XMLSchema-instance" xsi:noNamespaceSchemaLocation="https://maven.apache.org/surefire/maven-surefire-plugin/xsd/surefire-test-report.xsd" version="3.0.2" name="com.dpdms.discovery_server.DiscoveryServerApplicationTests" time="5.537" tests="1" errors="0" skipped="0" failures="0">
  <properties>
[...]
</properties>
  <testcase name="contextLoads" classname="com.dpdms.discovery_server.DiscoveryServerApplicationTests" time="0.687">
    <system-out><![CDATA[06:59:31.046 [main] INFO org.springframework.test.context.support.AnnotationConfigContextLoaderUtils -- Could not detect default configuration classes for test class [com.dpdms.discovery_server.DiscoveryServerApplicationTests]: DiscoveryServerApplicationTests does not declare any static, non-private, non-final, nested classes annotated with @Configuration.
06:59:31.199 [main] INFO org.springframework.boot.test.context.SpringBootTestContextBootstrapper -- Found @SpringBootConfiguration com.dpdms.discovery_server.DiscoveryServerApplication for test class com.dpdms.discovery_server.DiscoveryServerApplicationTests

  .   ____          _            __ _ _
 /\\ / ___'_ __ _ _(_)_ __  __ _ \ \ \ \
( ( )\___ | '_ | '_| | '_ \/ _` | \ \ \ \
 \\/  ___)| |_)| | | | | || (_| |  ) ) ) )
  '  |____| .__|_| |_|_| |_\__, | / / / /
 =========|_|==============|___/=/_/_/_/

 :: Spring Boot ::                (v4.0.2)

2026-09-24T06:59:31.946Z  INFO 4427 --- [           main] c.d.d.DiscoveryServerApplicationTests    : Starting DiscoveryServerApplicationTests using Java 17.0.20.1 with PID 4427 (started by z in /home/z/my-project/dpdms-full/discovery-server)
2026-09-24T06:59:31.948Z  INFO 4427 --- [           main] c.d.d.DiscoveryServerApplicationTests    : No active profile set, falling back to 1 default profile: "default"
2026-09-24T06:59:33.445Z  INFO 4427 --- [           main] o.s.cloud.context.scope.GenericScope     : BeanFactory id=5ea3df6c-d6d7-3d43-9ae3-af2a4af328a4
2026-09-24T06:59:33.913Z  INFO 4427 --- [           main] o.s.v.b.OptionalValidatorFactoryBean     : Failed to set up a Bean Validation provider: jakarta.validation.NoProviderFoundException: Unable to create a Configuration, because no Jakarta Validation provider could be found. Add a provider like Hibernate Validator (RI) to your classpath.
2026-09-24T06:59:34.916Z  WARN 4427 --- [           main] iguration$LoadBalancerCaffeineWarnLogger : Spring Cloud LoadBalancer is currently working with the default cache. While this cache implementation is useful for development and tests, it's recommended to use Caffeine cache in production.You can switch to using Caffeine cache, by adding it and org.springframework.cache.caffeine.CaffeineCacheManager to the classpath.
2026-09-24T06:59:35.161Z  INFO 4427 --- [           main] o.s.c.n.eureka.InstanceInfoFactory       : Setting initial instance status as: STARTING
2026-09-24T06:59:35.200Z  INFO 4427 --- [           main] com.netflix.discovery.DiscoveryClient    : Initializing Eureka in region us-east-1
2026-09-24T06:59:35.200Z  INFO 4427 --- [           main] com.netflix.discovery.DiscoveryClient    : Client configured to neither register nor query for data.
2026-09-24T06:59:35.202Z  INFO 4427 --- [           main] com.netflix.discovery.DiscoveryClient    : Discovery Client initialized at timestamp 1790233175201 with initial instances count: 0
2026-09-24T06:59:35.236Z  INFO 4427 --- [           main] c.n.eureka.DefaultEurekaServerContext    : Initializing ...
2026-09-24T06:59:35.237Z  INFO 4427 --- [           main] c.n.eureka.cluster.PeerEurekaNodes       : Adding new peer nodes [http://localhost:8761/eureka/]
2026-09-24T06:59:35.406Z  INFO 4427 --- [           main] c.n.d.provider.DiscoveryJerseyProvider   : Using JSON encoding codec LegacyJacksonJson
2026-09-24T06:59:35.406Z  INFO 4427 --- [           main] c.n.d.provider.DiscoveryJerseyProvider   : Using JSON decoding codec LegacyJacksonJson
2026-09-24T06:59:35.406Z  INFO 4427 --- [           main] c.n.d.provider.DiscoveryJerseyProvider   : Using XML encoding codec XStreamXml
2026-09-24T06:59:35.406Z  INFO 4427 --- [           main] c.n.d.provider.DiscoveryJerseyProvider   : Using XML decoding codec XStreamXml
2026-09-24T06:59:35.455Z  INFO 4427 --- [           main] c.n.eureka.cluster.PeerEurekaNodes       : Replica node URL:  http://localhost:8761/eureka/
2026-09-24T06:59:35.461Z  INFO 4427 --- [           main] c.n.e.registry.AbstractInstanceRegistry  : Finished initializing remote region registries. All known remote regions: []
2026-09-24T06:59:35.461Z  INFO 4427 --- [           main] c.n.eureka.DefaultEurekaServerContext    : Initialized
2026-09-24T06:59:35.536Z  INFO 4427 --- [           main] o.s.b.a.e.web.EndpointLinksResolver      : Exposing 1 endpoint beneath base path '/actuator'
2026-09-24T06:59:35.611Z  INFO 4427 --- [           main] o.s.c.n.e.s.EurekaServiceRegistry        : Registering application UNKNOWN with eureka with status UP
2026-09-24T06:59:35.629Z  INFO 4427 --- [           main] c.d.d.DiscoveryServerApplicationTests    : Started DiscoveryServerApplicationTests in 4.094 seconds (process running for 5.529)
2026-09-24T06:59:35.640Z  INFO 4427 --- [      Thread-10] o.s.c.n.e.server.EurekaServerBootstrap   : isAws returned false
2026-09-24T06:59:35.640Z  INFO 4427 --- [      Thread-10] o.s.c.n.e.server.EurekaServerBootstrap   : Initialized server context
2026-09-24T06:59:35.641Z  INFO 4427 --- [      Thread-10] c.n.e.r.PeerAwareInstanceRegistryImpl    : Got 1 instances from neighboring DS node
2026-09-24T06:59:35.641Z  INFO 4427 --- [      Thread-10] c.n.e.r.PeerAwareInstanceRegistryImpl    : Renew threshold is: 1
2026-09-24T06:59:35.641Z  INFO 4427 --- [      Thread-10] c.n.e.r.PeerAwareInstanceRegistryImpl    : Changing status to UP
2026-09-24T06:59:35.644Z  INFO 4427 --- [      Thread-10] e.s.EurekaServerInitializerConfiguration : Started Eureka Server
]]></system-out>
  </testcase>
</testsuite>