<?xml version="1.0" encoding="UTF-8"?>
<testsuite xmlns:xsi="http://www.w3.org/2001/XMLSchema-instance" xsi:noNamespaceSchemaLocation="https://maven.apache.org/surefire/maven-surefire-plugin/xsd/surefire-test-report.xsd" version="3.0.2" name="com.dpdms.api_gateway.ApiGatewayApplicationTests" time="4.127" tests="1" errors="0" skipped="0" failures="0">
  <properties>
[...]
</properties>
  <testcase name="contextLoads" classname="com.dpdms.api_gateway.ApiGatewayApplicationTests" time="0.669">
    <system-out><![CDATA[07:02:56.637 [main] INFO org.springframework.test.context.support.AnnotationConfigContextLoaderUtils -- Could not detect default configuration classes for test class [com.dpdms.api_gateway.ApiGatewayApplicationTests]: ApiGatewayApplicationTests does not declare any static, non-private, non-final, nested classes annotated with @Configuration.
07:02:56.744 [main] INFO org.springframework.boot.test.context.SpringBootTestContextBootstrapper -- Found @SpringBootConfiguration com.dpdms.api_gateway.ApiGatewayApplication for test class com.dpdms.api_gateway.ApiGatewayApplicationTests

  .   ____          _            __ _ _
 /\\ / ___'_ __ _ _(_)_ __  __ _ \ \ \ \
( ( )\___ | '_ | '_| | '_ \/ _` | \ \ \ \
 \\/  ___)| |_)| | | | | || (_| |  ) ) ) )
  '  |____| .__|_| |_|_| |_\__, | / / / /
 =========|_|==============|___/=/_/_/_/

 :: Spring Boot ::                (v4.0.2)

2026-09-24T07:02:57.434Z  INFO 5241 --- [           main] c.d.a.ApiGatewayApplicationTests         : Starting ApiGatewayApplicationTests using Java 17.0.20.1 with PID 5241 (started by z in /home/z/my-project/dpdms-full/api-gateway)
2026-09-24T07:02:57.436Z  INFO 5241 --- [           main] c.d.a.ApiGatewayApplicationTests         : No active profile set, falling back to 1 default profile: "default"
2026-09-24T07:02:58.554Z  INFO 5241 --- [           main] o.s.cloud.context.scope.GenericScope     : BeanFactory id=e8671def-189d-3957-9a7a-c5f28908ea9b
2026-09-24T07:02:59.421Z  INFO 5241 --- [           main] o.s.c.g.r.RouteDefinitionRouteLocator    : Loaded RoutePredicateFactory [After]
2026-09-24T07:02:59.422Z  INFO 5241 --- [           main] o.s.c.g.r.RouteDefinitionRouteLocator    : Loaded RoutePredicateFactory [Before]
2026-09-24T07:02:59.422Z  INFO 5241 --- [           main] o.s.c.g.r.RouteDefinitionRouteLocator    : Loaded RoutePredicateFactory [Between]
2026-09-24T07:02:59.422Z  INFO 5241 --- [           main] o.s.c.g.r.RouteDefinitionRouteLocator    : Loaded RoutePredicateFactory [Cookie]
2026-09-24T07:02:59.422Z  INFO 5241 --- [           main] o.s.c.g.r.RouteDefinitionRouteLocator    : Loaded RoutePredicateFactory [Header]
2026-09-24T07:02:59.422Z  INFO 5241 --- [           main] o.s.c.g.r.RouteDefinitionRouteLocator    : Loaded RoutePredicateFactory [Host]
2026-09-24T07:02:59.422Z  INFO 5241 --- [           main] o.s.c.g.r.RouteDefinitionRouteLocator    : Loaded RoutePredicateFactory [Method]
2026-09-24T07:02:59.422Z  INFO 5241 --- [           main] o.s.c.g.r.RouteDefinitionRouteLocator    : Loaded RoutePredicateFactory [Path]
2026-09-24T07:02:59.422Z  INFO 5241 --- [           main] o.s.c.g.r.RouteDefinitionRouteLocator    : Loaded RoutePredicateFactory [Query]
2026-09-24T07:02:59.422Z  INFO 5241 --- [           main] o.s.c.g.r.RouteDefinitionRouteLocator    : Loaded RoutePredicateFactory [ReadBody]
2026-09-24T07:02:59.422Z  INFO 5241 --- [           main] o.s.c.g.r.RouteDefinitionRouteLocator    : Loaded RoutePredicateFactory [RemoteAddr]
2026-09-24T07:02:59.422Z  INFO 5241 --- [           main] o.s.c.g.r.RouteDefinitionRouteLocator    : Loaded RoutePredicateFactory [Version]
2026-09-24T07:02:59.422Z  INFO 5241 --- [           main] o.s.c.g.r.RouteDefinitionRouteLocator    : Loaded RoutePredicateFactory [XForwardedRemoteAddr]
2026-09-24T07:02:59.422Z  INFO 5241 --- [           main] o.s.c.g.r.RouteDefinitionRouteLocator    : Loaded RoutePredicateFactory [Weight]
2026-09-24T07:02:59.422Z  INFO 5241 --- [           main] o.s.c.g.r.RouteDefinitionRouteLocator    : Loaded RoutePredicateFactory [CloudFoundryRouteService]
2026-09-24T07:02:59.649Z  INFO 5241 --- [           main] DiscoveryClientOptionalArgsConfiguration : Eureka HTTP Client uses RestClient.
2026-09-24T07:02:59.710Z  WARN 5241 --- [           main] iguration$LoadBalancerCaffeineWarnLogger : Spring Cloud LoadBalancer is currently working with the default cache. While this cache implementation is useful for development and tests, it's recommended to use Caffeine cache in production.You can switch to using Caffeine cache, by adding it and org.springframework.cache.caffeine.CaffeineCacheManager to the classpath.
2026-09-24T07:02:59.760Z  INFO 5241 --- [           main] c.d.a.ApiGatewayApplicationTests         : Started ApiGatewayApplicationTests in 2.683 seconds (process running for 4.456)
]]></system-out>
  </testcase>
</testsuite>