<?xml version="1.0" encoding="UTF-8"?>
<testsuite xmlns:xsi="http://www.w3.org/2001/XMLSchema-instance" xsi:noNamespaceSchemaLocation="https://maven.apache.org/surefire/maven-surefire-plugin/xsd/surefire-test-report.xsd" version="3.0.2" name="com.dpdms.report_service.ReportServiceApplicationTests" time="2.82" tests="1" errors="0" skipped="0" failures="0" flakes="0">
  <properties>
[...]
</properties>
  <testcase name="contextLoads" classname="com.dpdms.report_service.ReportServiceApplicationTests" time="0.458">
    <system-out><![CDATA[07:02:47.631 [main] INFO org.springframework.test.context.support.AnnotationConfigContextLoaderUtils -- Could not detect default configuration classes for test class [com.dpdms.report_service.ReportServiceApplicationTests]: ReportServiceApplicationTests does not declare any static, non-private, non-final, nested classes annotated with @Configuration.
07:02:47.800 [main] INFO org.springframework.boot.test.context.SpringBootTestContextBootstrapper -- Found @SpringBootConfiguration com.dpdms.report_service.ReportServiceApplication for test class com.dpdms.report_service.ReportServiceApplicationTests
07:02:47.867 [main] INFO org.springframework.test.context.support.AnnotationConfigContextLoaderUtils -- Could not detect default configuration classes for test class [com.dpdms.report_service.ReportServiceApplicationTests]: ReportServiceApplicationTests does not declare any static, non-private, non-final, nested classes annotated with @Configuration.
07:02:47.870 [main] INFO org.springframework.boot.test.context.SpringBootTestContextBootstrapper -- Found @SpringBootConfiguration com.dpdms.report_service.ReportServiceApplication for test class com.dpdms.report_service.ReportServiceApplicationTests

  .   ____          _            __ _ _
 /\\ / ___'_ __ _ _(_)_ __  __ _ \ \ \ \
( ( )\___ | '_ | '_| | '_ \/ _` | \ \ \ \
 \\/  ___)| |_)| | | | | || (_| |  ) ) ) )
  '  |____| .__|_| |_|_| |_\__, | / / / /
 =========|_|==============|___/=/_/_/_/

 :: Spring Boot ::                (v4.1.1)

2026-09-24T07:02:48.262Z  INFO 5124 --- [report-service] [           main] c.d.r.ReportServiceApplicationTests      : Starting ReportServiceApplicationTests using Java 17.0.20.1 with PID 5124 (started by z in /home/z/my-project/dpdms-full/report-service)
2026-09-24T07:02:48.263Z  INFO 5124 --- [report-service] [           main] c.d.r.ReportServiceApplicationTests      : No active profile set, falling back to 1 default profile: "default"
2026-09-24T07:02:49.769Z  INFO 5124 --- [report-service] [           main] c.d.r.ReportServiceApplicationTests      : Started ReportServiceApplicationTests in 1.819 seconds (process running for 3.102)
]]></system-out>
  </testcase>
</testsuite>