<?xml version="1.0" encoding="UTF-8"?>
<testsuite xmlns:xsi="http://www.w3.org/2001/XMLSchema-instance" xsi:noNamespaceSchemaLocation="https://maven.apache.org/surefire/maven-surefire-plugin/xsd/surefire-test-report.xsd" version="3.0.2" name="com.dpdms.dashboard_service.DashboardServiceTest" time="1.088" tests="4" errors="0" skipped="0" failures="0" flakes="0">
  <properties>
[...]
</properties>
  <testcase name="deadHazardServiceDoesNotBreakTheDashboard" classname="com.dpdms.dashboard_service.DashboardServiceTest" time="0.972"/>
  <testcase name="recentApprovedIsNewestFirstAndCappedAtFive" classname="com.dpdms.dashboard_service.DashboardServiceTest" time="0.012"/>
  <testcase name="summaryCountsApprovedPerHazardAndBySeverity" classname="com.dpdms.dashboard_service.DashboardServiceTest" time="0.008"/>
  <testcase name="healthReportsUpDownPerHazard" classname="com.dpdms.dashboard_service.DashboardServiceTest" time="0.033"/>
</testsuite>