<?xml version="1.0" encoding="UTF-8"?>
<testsuite xmlns:xsi="http://www.w3.org/2001/XMLSchema-instance" xsi:noNamespaceSchemaLocation="https://maven.apache.org/surefire/maven-surefire-plugin/xsd/surefire-test-report.xsd" version="3.0.2" name="com.dpdms.auth_service.AuthServiceTest" time="2.764" tests="13" errors="0" skipped="0" failures="0" flakes="0">
  <properties>
[...]
</properties>
  <testcase name="deactivatedAccountCannotLogIn" classname="com.dpdms.auth_service.AuthServiceTest" time="0.813"/>
  <testcase name="adminCreatesRecorderAccountWithHashedPassword" classname="com.dpdms.auth_service.AuthServiceTest" time="0.238"/>
  <testcase name="createAccountRequiresAdminRole" classname="com.dpdms.auth_service.AuthServiceTest" time="0.111"/>
  <testcase name="adminAccountNeedsNoWardOrHazard" classname="com.dpdms.auth_service.AuthServiceTest" time="0.196"/>
  <testcase name="createAccountRejectsDuplicateUsername" classname="com.dpdms.auth_service.AuthServiceTest" time="0.127"/>
  <testcase name="loginWithCorrectPasswordReturnsToken" classname="com.dpdms.auth_service.AuthServiceTest" time="0.161"/>
  <testcase name="loginWithUnknownUserIsRejected" classname="com.dpdms.auth_service.AuthServiceTest" time="0.097"/>
  <testcase name="storedPasswordIsBcryptHashNotRawPassword" classname="com.dpdms.auth_service.AuthServiceTest" time="0.232"/>
  <testcase name="validateReturnsClaimsOfGoodToken" classname="com.dpdms.auth_service.AuthServiceTest" time="0.259"/>
  <testcase name="validateRejectsHeaderWithoutBearerPrefix" classname="com.dpdms.auth_service.AuthServiceTest" time="0.097"/>
  <testcase name="createAccountRejectsWildcardWardForRecorder" classname="com.dpdms.auth_service.AuthServiceTest" time="0.098"/>
  <testcase name="createAccountRejectsBlankHazardForSupervisor" classname="com.dpdms.auth_service.AuthServiceTest" time="0.095"/>
  <testcase name="loginWithWrongPasswordIsRejected" classname="com.dpdms.auth_service.AuthServiceTest" time="0.164"/>
</testsuite>